<component name="libraryTable">
  <library name="junit-platform-console-standalone-1.12.1">
    <CLASSES>
      <root url="jar://$PROJECT_DIR$/Chapter 2 answers/out/production/Chapter 2 answers/lib/junit-platform-console-standalone-1.12.0.jar!/" />
    </CLASSES>
    <JAVADOC />
    <SOURCES />
  </library>
</component>